51.0 APEX_CODE,FINEST;APEX_PROFILING,INFO;CALLOUT,INFO;DB,INFO;NBA,INFO;SYSTEM,DEBUG;VALIDATION,INFO;VISUALFORCE,INFO;WAVE,INFO;WORKFLOW,INFO
Execute Anonymous: List<String> StringTempList = new List<String>{'One','two','Three','Four','One','two'};
Execute Anonymous: set<String> setTempString = new set<String>();
Execute Anonymous: set<String> duplicateTempString = new set<String>();
Execute Anonymous: for(String s:StringTempList ){
Execute Anonymous:    if(!setTempString.contains(s)){
Execute Anonymous:       setTempString.add(s);
Execute Anonymous:    }
Execute Anonymous:     else{
Execute Anonymous:         duplicateTempString.add(s);
Execute Anonymous:     }
Execute Anonymous: }
Execute Anonymous: system.debug('Single values : ' +setTempString);
Execute Anonymous: system.debug('Duplicate values : ' +duplicateTempString);
05:41:51.12 (12680092)|USER_INFO|[EXTERNAL]|0055g000005U5L9|sudheerkumar.g@empathetic-moose-94px9y.com|(GMT-07:00) Pacific Daylight Time (America/Los_Angeles)|GMT-07:00
05:41:51.12 (12740983)|EXECUTION_STARTED
05:41:51.12 (12754404)|CODE_UNIT_STARTED|[EXTERNAL]|execute_anonymous_apex
05:41:51.12 (13107783)|VARIABLE_SCOPE_BEGIN|[1]|StringTempList|List<String>|true|false
05:41:51.12 (13136185)|VARIABLE_SCOPE_BEGIN|[3]|duplicateTempString|Set<String>|true|false
05:41:51.12 (13145963)|VARIABLE_SCOPE_BEGIN|[2]|setTempString|Set<String>|true|false
05:41:51.12 (13444222)|HEAP_ALLOCATE|[79]|Bytes:3
05:41:51.12 (13554825)|HEAP_ALLOCATE|[84]|Bytes:152
05:41:51.12 (13578582)|HEAP_ALLOCATE|[399]|Bytes:408
05:41:51.12 (13594363)|HEAP_ALLOCATE|[412]|Bytes:408
05:41:51.12 (13607693)|HEAP_ALLOCATE|[520]|Bytes:48
05:41:51.12 (13643229)|HEAP_ALLOCATE|[139]|Bytes:6
05:41:51.12 (13685380)|HEAP_ALLOCATE|[EXTERNAL]|Bytes:19
05:41:51.12 (13993365)|STATEMENT_EXECUTE|[1]
05:41:51.12 (13996811)|STATEMENT_EXECUTE|[1]
05:41:51.12 (14032580)|HEAP_ALLOCATE|[1]|Bytes:4
05:41:51.12 (14160712)|HEAP_ALLOCATE|[1]|Bytes:3
05:41:51.12 (14181782)|HEAP_ALLOCATE|[1]|Bytes:3
05:41:51.12 (14186821)|HEAP_ALLOCATE|[1]|Bytes:5
05:41:51.12 (14192685)|HEAP_ALLOCATE|[1]|Bytes:4
05:41:51.12 (14260034)|HEAP_ALLOCATE|[EXTERNAL]|Bytes:28
05:41:51.12 (14350809)|VARIABLE_ASSIGNMENT|[1]|StringTempList|"List of size 6 too large to display"|0x3afc9cbf
05:41:51.12 (14360526)|STATEMENT_EXECUTE|[2]
05:41:51.12 (14377818)|HEAP_ALLOCATE|[2]|Bytes:4
05:41:51.12 (14491537)|VARIABLE_ASSIGNMENT|[2]|setTempString|[]|0x20e2baef
05:41:51.12 (14502962)|STATEMENT_EXECUTE|[3]
05:41:51.12 (14509608)|HEAP_ALLOCATE|[3]|Bytes:4
05:41:51.12 (14550045)|VARIABLE_ASSIGNMENT|[3]|duplicateTempString|[]|0x2f293a4d
05:41:51.12 (14823126)|HEAP_ALLOCATE|[52]|Bytes:5
05:41:51.12 (14875262)|HEAP_ALLOCATE|[58]|Bytes:5
05:41:51.12 (14885584)|HEAP_ALLOCATE|[66]|Bytes:7
05:41:51.12 (15033776)|HEAP_ALLOCATE|[4]|Bytes:5
05:41:51.12 (15070773)|HEAP_ALLOCATE|[4]|Bytes:3
05:41:51.12 (15090297)|VARIABLE_SCOPE_BEGIN|[4]|s|String|false|false
05:41:51.12 (15114360)|VARIABLE_ASSIGNMENT|[4]|s|"One"
05:41:51.12 (15121823)|STATEMENT_EXECUTE|[4]
05:41:51.12 (15182770)|STATEMENT_EXECUTE|[5]
05:41:51.12 (15184576)|STATEMENT_EXECUTE|[6]
05:41:51.12 (15215300)|HEAP_ALLOCATE|[EXTERNAL]|Bytes:4
05:41:51.12 (15233098)|HEAP_ALLOCATE|[4]|Bytes:5
05:41:51.12 (15258773)|HEAP_ALLOCATE|[4]|Bytes:3
05:41:51.12 (15263805)|VARIABLE_SCOPE_BEGIN|[4]|s|String|false|false
05:41:51.12 (15276925)|VARIABLE_ASSIGNMENT|[4]|s|"two"
05:41:51.12 (15282247)|STATEMENT_EXECUTE|[4]
05:41:51.12 (15289611)|STATEMENT_EXECUTE|[5]
05:41:51.12 (15291176)|STATEMENT_EXECUTE|[6]
05:41:51.12 (15297316)|HEAP_ALLOCATE|[EXTERNAL]|Bytes:4
05:41:51.12 (15306953)|HEAP_ALLOCATE|[4]|Bytes:5
05:41:51.12 (15312877)|HEAP_ALLOCATE|[4]|Bytes:5
05:41:51.12 (15318438)|VARIABLE_SCOPE_BEGIN|[4]|s|String|false|false
05:41:51.12 (15328031)|VARIABLE_ASSIGNMENT|[4]|s|"Three"
05:41:51.12 (15333862)|STATEMENT_EXECUTE|[4]
05:41:51.12 (15340045)|STATEMENT_EXECUTE|[5]
05:41:51.12 (15341384)|STATEMENT_EXECUTE|[6]
05:41:51.12 (15345209)|HEAP_ALLOCATE|[EXTERNAL]|Bytes:4
05:41:51.12 (15354484)|HEAP_ALLOCATE|[4]|Bytes:5
05:41:51.12 (15361305)|HEAP_ALLOCATE|[4]|Bytes:4
05:41:51.12 (15364955)|VARIABLE_SCOPE_BEGIN|[4]|s|String|false|false
05:41:51.12 (15375781)|VARIABLE_ASSIGNMENT|[4]|s|"Four"
05:41:51.12 (15380139)|STATEMENT_EXECUTE|[4]
05:41:51.12 (15386084)|STATEMENT_EXECUTE|[5]
05:41:51.12 (15387402)|STATEMENT_EXECUTE|[6]
05:41:51.12 (15391228)|HEAP_ALLOCATE|[EXTERNAL]|Bytes:4
05:41:51.12 (15400435)|HEAP_ALLOCATE|[4]|Bytes:5
05:41:51.12 (15418533)|HEAP_ALLOCATE|[4]|Bytes:3
05:41:51.12 (15422957)|VARIABLE_SCOPE_BEGIN|[4]|s|String|false|false
05:41:51.12 (15431555)|VARIABLE_ASSIGNMENT|[4]|s|"One"
05:41:51.12 (15436460)|STATEMENT_EXECUTE|[4]
05:41:51.12 (15442092)|STATEMENT_EXECUTE|[8]
05:41:51.12 (15443354)|STATEMENT_EXECUTE|[9]
05:41:51.12 (15456112)|HEAP_ALLOCATE|[EXTERNAL]|Bytes:4
05:41:51.12 (15465050)|HEAP_ALLOCATE|[4]|Bytes:5
05:41:51.12 (15469963)|HEAP_ALLOCATE|[4]|Bytes:3
05:41:51.12 (15474590)|VARIABLE_SCOPE_BEGIN|[4]|s|String|false|false
05:41:51.12 (15501795)|VARIABLE_ASSIGNMENT|[4]|s|"two"
05:41:51.12 (15506601)|STATEMENT_EXECUTE|[4]
05:41:51.12 (15512945)|STATEMENT_EXECUTE|[8]
05:41:51.12 (15514352)|STATEMENT_EXECUTE|[9]
05:41:51.12 (15518303)|HEAP_ALLOCATE|[EXTERNAL]|Bytes:4
05:41:51.12 (15545666)|HEAP_ALLOCATE|[4]|Bytes:5
05:41:51.12 (15558868)|VARIABLE_ASSIGNMENT|[4]|s|null
05:41:51.12 (15565160)|STATEMENT_EXECUTE|[12]
05:41:51.12 (15568324)|HEAP_ALLOCATE|[12]|Bytes:16
05:41:51.12 (15662405)|HEAP_ALLOCATE|[12]|Bytes:23
05:41:51.12 (15684133)|HEAP_ALLOCATE|[12]|Bytes:39
05:41:51.12 (15740969)|USER_DEBUG|[12]|DEBUG|Single values : {Four, One, Three, two}
05:41:51.12 (15755815)|STATEMENT_EXECUTE|[13]
05:41:51.12 (15758558)|HEAP_ALLOCATE|[13]|Bytes:19
05:41:51.12 (15791766)|HEAP_ALLOCATE|[13]|Bytes:10
05:41:51.12 (15801955)|HEAP_ALLOCATE|[13]|Bytes:29
05:41:51.12 (15811515)|USER_DEBUG|[13]|DEBUG|Duplicate values : {One, two}
05:41:51.15 (15919586)|CUMULATIVE_LIMIT_USAGE
05:41:51.15 (15919586)|LIMIT_USAGE_FOR_NS|(default)|
  Number of SOQL queries: 0 out of 100
  Number of query rows: 0 out of 50000
  Number of SOSL queries: 0 out of 20
  Number of DML statements: 0 out of 150
  Number of Publish Immediate DML: 0 out of 150
  Number of DML rows: 0 out of 10000
  Maximum CPU time: 0 out of 10000
  Maximum heap size: 0 out of 6000000
  Number of callouts: 0 out of 100
  Number of Email Invocations: 0 out of 10
  Number of future calls: 0 out of 50
  Number of queueable jobs added to the queue: 0 out of 50
  Number of Mobile Apex push calls: 0 out of 10

05:41:51.15 (15919586)|CUMULATIVE_LIMIT_USAGE_END

05:41:51.12 (16044066)|CODE_UNIT_FINISHED|execute_anonymous_apex
05:41:51.12 (16056637)|EXECUTION_FINISHED
